Arguments: 
  /home/huytran/.nvm/versions/node/v19.0.0/bin/node /home/huytran/.nvm/versions/node/v19.0.0/bin/yarn init

PATH: 
  /home/huytran/.nvm/versions/node/v19.0.0/bin:/usr/local/sbin:/usr/local/bin:/usr/sbin:/usr/bin:/sbin:/bin:/usr/games:/usr/local/games:/mnt/c/Program Files/Common Files/Oracle/Java/javapath:/mnt/c/Program Files/Eclipse Adoptium/jdk-11.0.17.8-hotspot/bin:/mnt/c/Python310/Scripts/:/mnt/c/Python310/:/mnt/c/Windows/system32:/mnt/c/Windows:/mnt/c/Windows/System32/Wbem:/mnt/c/Windows/System32/WindowsPowerShell/v1.0/:/mnt/c/Windows/System32/OpenSSH/:/mnt/c/Program Files (x86)/NVIDIA Corporation/PhysX/Common:/mnt/c/Program Files/NVIDIA Corporation/NVIDIA NvDLISR:/mnt/c/Program Files/PuTTY/:/mnt/c/ProgramData/chocolatey/bin:/mnt/c/php:/mnt/c/Program Files (x86)/Bitvise SSH Client:/mnt/c/Program Files/Git/cmd:/mnt/c/composer:/mnt/c/Program Files/Docker/Docker/resources/bin:/mnt/c/Program Files/nodejs/:/mnt/c/Program Files/Android/Android Studio/jre:/mnt/c/Users/Tien Huy/AppData/Local/Android/Sdk/platform-tools:/mnt/c/Users/Tien Huy/scoop/shims:/mnt/c/Users/Tien Huy/AppData/Local/Microsoft/WindowsApps:/mnt/c/Users/Tien Huy/AppData/Local/Programs/Microsoft VS Code/bin:/mnt/c/Program Files/nodejs/:/mnt/c/Program Files/JetBrains/PhpStorm 2020.1/bin:/mnt/c/php:/mnt/c/Users/Tien Huy/AppData/Roaming/Composer/vendor/bin:/mnt/c/Users/Tien Huy/AppData/Local/Programs/Hyper/resources/bin:/mnt/c/Program Files/JetBrains/WebStorm 2021.2.4/bin:/mnt/c/Users/Tien Huy/AppData/Roaming/npm:/mnt/c/Program Files/Android/Android Studio/jre

Yarn version: 
  1.22.19

Node version: 
  19.0.0

Platform: 
  linux x64

Trace: 
  Error: canceled
      at Interface.<anonymous> (/home/huytran/.nvm/versions/node/v19.0.0/lib/node_modules/yarn/lib/cli.js:137150:13)
      at Interface.emit (node:events:513:28)
      at [_ttyWrite] [as _ttyWrite] (node:internal/readline/interface:1125:18)
      at ReadStream.onkeypress (node:internal/readline/interface:274:20)
      at ReadStream.emit (node:events:513:28)
      at emitKeys (node:internal/readline/utils:357:14)
      at emitKeys.next (<anonymous>)
      at ReadStream.onData (node:internal/readline/emitKeypressEvents:64:36)
      at ReadStream.emit (node:events:513:28)
      at addChunk (node:internal/streams/readable:324:12)

npm manifest: 
  No manifest

yarn manifest: 
  No manifest

Lockfile: 
  No lockfile
